2025-10-20 20:12:04.441 - [Info] MITM Version: 1.4
2025-10-20 20:12:04.442 - [Info] Auto Access Enabled: true
2025-10-20 20:12:04.442 - [Debug] [Init] Auto Access Barrier: true
node:fs:441
    return binding.readFileUtf8(path, stringToFlags(options.flag));
                   ^

Error: ENOENT: no such file or directory, open '/home/aces/HACS200_Honeypot/recycling/config/pot4.txt'
    at Object.readFileSync (node:fs:441:20)
    at startServer (/root/honeypots/MITM/mitm/index.js:152:17)
    at /root/honeypots/MITM/mitm/index.js:137:3
    at Object.loadKeys (/root/honeypots/MITM/mitm/keys.js:59:10)
    at Object.<anonymous> (/root/honeypots/MITM/mitm/index.js:136:12)
    at Module._compile (node:internal/modules/cjs/loader:1706:14)
    at Object..js (node:internal/modules/cjs/loader:1839:10)
    at Module.load (node:internal/modules/cjs/loader:1441:32)
    at Function._load (node:internal/modules/cjs/loader:1263:12)
    at TracingChannel.traceSync (node:diagnostics_channel:322:14) {
  errno: -2,
  code: 'ENOENT',
  syscall: 'open',
  path: '/home/aces/HACS200_Honeypot/recycling/config/pot4.txt'
}

Node.js v22.20.0
